{"/Users/carlosmac/pokerTournaments/poker/backend/src/routes/tournaments.js": {"path":"/Users/carlosmac/pokerTournaments/poker/backend/src/routes/tournaments.js","statementMap":{"0":{"start":{"line":1,"column":16},"end":{"line":1,"column":34}},"1":{"start":{"line":2,"column":15},"end":{"line":2,"column":31}},"2":{"start":{"line":3,"column":29},"end":{"line":3,"column":75}},"3":{"start":{"line":4,"column":28},"end":{"line":4,"column":57}},"4":{"start":{"line":7,"column":0},"end":{"line":7,"column":43}},"5":{"start":{"line":8,"column":0},"end":{"line":8,"column":49}},"6":{"start":{"line":11,"column":0},"end":{"line":11,"column":83}},"7":{"start":{"line":12,"column":0},"end":{"line":12,"column":66}},"8":{"start":{"line":13,"column":0},"end":{"line":18,"column":2}},"9":{"start":{"line":19,"column":0},"end":{"line":19,"column":95}},"10":{"start":{"line":20,"column":0},"end":{"line":20,"column":99}},"11":{"start":{"line":21,"column":0},"end":{"line":21,"column":99}},"12":{"start":{"line":22,"column":0},"end":{"line":22,"column":93}},"13":{"start":{"line":23,"column":0},"end":{"line":23,"column":88}},"14":{"start":{"line":24,"column":0},"end":{"line":24,"column":94}},"15":{"start":{"line":25,"column":0},"end":{"line":25,"column":94}},"16":{"start":{"line":26,"column":0},"end":{"line":31,"column":2}},"17":{"start":{"line":32,"column":0},"end":{"line":37,"column":2}},"18":{"start":{"line":39,"column":0},"end":{"line":39,"column":24}}},"fnMap":{},"branchMap":{},"s":{"0":1,"1":1,"2":1,"3":1,"4":1,"5":1,"6":1,"7":1,"8":1,"9":1,"10":1,"11":1,"12":1,"13":1,"14":1,"15":1,"16":1,"17":1,"18":1},"f":{},"b":{},"_coverageSchema":"1a1c01bbd47fc00a2c39e90264f33305004495a9","hash":"5a3be23af330abde07f24ae6c4d40e79cebc986d"}
}
